Jan 02, 2023 11:20:42.806 [0x7f402ccbcb38] INFO - Plex Tuner Service v1.30.0.6486-629d58034 - Docker Docker Container (LinuxServer.io) x86_64 - build: 
Jan 02, 2023 11:20:42.810 [0x7f402ccbcb38] INFO - Linux version: 5.15.0-53-generic (#59-Ubuntu SMP Mon Oct 17 18:53:30 UTC 2022), language: en-US
Jan 02, 2023 11:20:42.810 [0x7f402ccbcb38] INFO - Processor Intel(R) Core(TM) i7-10510U CPU @ 1.80GHz
Jan 02, 2023 11:20:42.811 [0x7f402ccbcb38] INFO - /usr/lib/plexmediaserver/Plex Tuner Service /usr/lib/plexmediaserver/Resources/Tuner/Private /usr/lib/plexmediaserver/Resources/Tuner/Shared 1.30.0.6486-629d58034 32600
Jan 02, 2023 11:20:42.794 [0x7f402e5bd808] INFO - [I] broker_t::start...
Jan 02, 2023 11:20:42.812 [0x7f402e5bd808] INFO - [I] device_manager_t::init.
Jan 02, 2023 11:20:42.816 [0x7f402e5bd808] INFO - [I] device_manager_t::init. Initialize provider manager
Jan 02, 2023 11:20:42.817 [0x7f402e5bd808] INFO - [I] device_manager_t::init. Initialize all device auxes
Jan 02, 2023 11:20:42.817 [0x7f402e5bd808] INFO - [I] dvb_device_factory_t::get_aux_list
Jan 02, 2023 11:20:42.817 [0x7f402e5bd808] INFO - [I] tvbutler_aux_t::init
Jan 02, 2023 11:20:42.820 [0x7f402e5bd808] INFO - [I] web_server_t::start. Starting web server on port 32600
Jan 02, 2023 11:20:50.109 [0x7f402c54db38] INFO - [I] web_service_t::process_device_discovery
Jan 02, 2023 11:20:50.109 [0x7f402c54db38] INFO - [I] device_reactor_t::get_device_list ()
Jan 02, 2023 11:20:52.114 [0x7f402c54db38] INFO - [I] SAT2IP - discover_satip_servers(): no servers found
Jan 02, 2023 11:20:52.534 [0x7f402c54db38] INFO - [I] v4l::DeviceGetList_impl. getting v4l device list
Jan 02, 2023 11:20:52.535 [0x7f402c54db38] INFO - [I] onetv_factory::DeviceGetListEx >>
Jan 02, 2023 11:20:52.535 [0x7f402c54db38] WARN - [W] onetv_factory::DeviceGetListEx. libusb_init returned an error -99
Jan 02, 2023 16:24:20.051 [0x7f402e5bd808] INFO - Received SIGINT: Interrupt from keyboard.
Jan 02, 2023 16:24:20.079 [0x7f402e5bd808] INFO - [I] device_manager_t::term
Jan 02, 2023 16:24:20.079 [0x7f402e5bd808] INFO - [I] device_manager_t::term. Stop all devices
Jan 02, 2023 16:24:20.079 [0x7f402e5bd808] INFO - [I] device_manager_t::term. Shut down all device auxes
Jan 02, 2023 16:24:20.079 [0x7f402e5bd808] INFO - [I] tvbutler_aux_t::term
Jan 02, 2023 16:24:20.080 [0x7f402e5bd808] INFO - [I] web_server_t::stop. Web server is stopped
Jan 02, 2023 16:24:20.080 [0x7f402e5bd808] INFO - [I] device_manager_t::term
Jan 02, 2023 16:24:20.081 [0x7f402e5bd808] INFO - [I] device_manager_t::term. Stop all devices
Jan 02, 2023 16:24:20.081 [0x7f402e5bd808] INFO - [I] device_manager_t::term. Shut down all device auxes
Jan 02, 2023 16:24:20.081 [0x7f402e5bd808] INFO - [I] broker_t::shutdown. Shutdown is completed.
