Jan 03, 2023 09:12:09.085 [0x7f8392affb38] INFO - Plex Tuner Service v1.30.0.6486-629d58034 - Docker Docker Container (LinuxServer.io) x86_64 - build: 
Jan 03, 2023 09:12:09.086 [0x7f8392affb38] INFO - Linux version: 5.15.0-53-generic (#59-Ubuntu SMP Mon Oct 17 18:53:30 UTC 2022), language: en-US
Jan 03, 2023 09:12:09.086 [0x7f8392affb38] INFO - Processor Intel(R) Core(TM) i7-10510U CPU @ 1.80GHz
Jan 03, 2023 09:12:09.088 [0x7f8392affb38] INFO - /usr/lib/plexmediaserver/Plex Tuner Service /usr/lib/plexmediaserver/Resources/Tuner/Private /usr/lib/plexmediaserver/Resources/Tuner/Shared 1.30.0.6486-629d58034 32600
Jan 03, 2023 09:12:09.070 [0x7f8394400808] INFO - [I] broker_t::start...
Jan 03, 2023 09:12:09.104 [0x7f8394400808] INFO - [I] device_manager_t::init.
Jan 03, 2023 09:12:09.104 [0x7f8394400808] INFO - [I] device_manager_t::init. Initialize provider manager
Jan 03, 2023 09:12:09.104 [0x7f8394400808] INFO - [I] device_manager_t::init. Initialize all device auxes
Jan 03, 2023 09:12:09.104 [0x7f8394400808] INFO - [I] dvb_device_factory_t::get_aux_list
Jan 03, 2023 09:12:09.104 [0x7f8394400808] INFO - [I] tvbutler_aux_t::init
Jan 03, 2023 09:12:09.110 [0x7f8394400808] INFO - [I] web_server_t::start. Starting web server on port 32600
Jan 03, 2023 09:12:18.755 [0x7f839218ab38] INFO - [I] web_service_t::process_device_discovery
Jan 03, 2023 09:12:18.755 [0x7f839218ab38] INFO - [I] device_reactor_t::get_device_list ()
Jan 03, 2023 09:12:20.781 [0x7f839218ab38] INFO - [I] SAT2IP - discover_satip_servers(): no servers found
Jan 03, 2023 09:12:21.192 [0x7f839218ab38] INFO - [I] v4l::DeviceGetList_impl. getting v4l device list
Jan 03, 2023 09:12:21.211 [0x7f839218ab38] INFO - [I] onetv_factory::DeviceGetListEx >>
Jan 03, 2023 09:12:21.218 [0x7f839218ab38] WARN - [W] onetv_factory::DeviceGetListEx. libusb_init returned an error -99
Jan 03, 2023 09:42:46.442 [0x7f8394400808] INFO - Received SIGINT: Interrupt from keyboard.
Jan 03, 2023 09:42:46.464 [0x7f8394400808] INFO - [I] device_manager_t::term
Jan 03, 2023 09:42:46.464 [0x7f8394400808] INFO - [I] device_manager_t::term. Stop all devices
Jan 03, 2023 09:42:46.465 [0x7f8394400808] INFO - [I] device_manager_t::term. Shut down all device auxes
Jan 03, 2023 09:42:46.465 [0x7f8394400808] INFO - [I] tvbutler_aux_t::term
Jan 03, 2023 09:42:46.466 [0x7f8394400808] INFO - [I] web_server_t::stop. Web server is stopped
Jan 03, 2023 09:42:46.466 [0x7f8394400808] INFO - [I] device_manager_t::term
Jan 03, 2023 09:42:46.466 [0x7f8394400808] INFO - [I] device_manager_t::term. Stop all devices
Jan 03, 2023 09:42:46.466 [0x7f8394400808] INFO - [I] device_manager_t::term. Shut down all device auxes
Jan 03, 2023 09:42:46.466 [0x7f8394400808] INFO - [I] broker_t::shutdown. Shutdown is completed.
