2023-01-02 17:43:06,555 fail2ban.server         [296]: INFO    --------------------------------------------------
2023-01-02 17:43:06,555 fail2ban.server         [296]: INFO    Starting Fail2ban v0.11.2
2023-01-02 17:43:06,557 fail2ban.observer       [296]: INFO    Observer start...
2023-01-02 17:43:06,687 fail2ban.database       [296]: INFO    Connected to fail2ban persistent database '/config/fail2ban/fail2ban.sqlite3'
2023-01-02 17:43:06,696 fail2ban.database       [296]: WARNING New database created. Version '4'
2023-01-02 17:43:06,697 fail2ban.jail           [296]: INFO    Creating new jail 'nginx-http-auth'
2023-01-02 17:43:06,750 fail2ban.jail           [296]: INFO    Jail 'nginx-http-auth' uses poller {}
2023-01-02 17:43:06,751 fail2ban.jail           [296]: INFO    Initiated 'polling' backend
2023-01-02 17:43:06,780 fail2ban.filter         [296]: INFO      maxRetry: 5
2023-01-02 17:43:06,780 fail2ban.filter         [296]: INFO      findtime: 600
2023-01-02 17:43:06,781 fail2ban.actions        [296]: INFO      banTime: 600
2023-01-02 17:43:06,782 fail2ban.filter         [296]: INFO      encoding: UTF-8
2023-01-02 17:43:06,784 fail2ban.filter         [296]: INFO    Added logfile: '/config/log/nginx/error.log' (pos = 0, hash = da39a3ee5e6b4b0d3255bfef95601890afd80709)
2023-01-02 17:43:06,785 fail2ban.jail           [296]: INFO    Creating new jail 'nginx-botsearch'
2023-01-02 17:43:06,790 fail2ban.jail           [296]: INFO    Jail 'nginx-botsearch' uses poller {}
2023-01-02 17:43:06,791 fail2ban.jail           [296]: INFO    Initiated 'polling' backend
2023-01-02 17:43:06,815 fail2ban.datedetector   [296]: INFO      date pattern `'{^LN-BEG}%ExY(?P<_sep>[-/.])%m(?P=_sep)%d[T ]%H:%M:%S(?:[.,]%f)?(?:\\s*%z)?'`: `{^LN-BEG}ExYear(?P<_sep>[-/.])Month(?P=_sep)Day[T ]24hour:Minute:Second(?:[.,]Microseconds)?(?:\s*Zone offset)?`
2023-01-02 17:43:06,824 fail2ban.filter         [296]: INFO      maxRetry: 2
2023-01-02 17:43:06,825 fail2ban.filter         [296]: INFO      findtime: 600
2023-01-02 17:43:06,826 fail2ban.actions        [296]: INFO      banTime: 600
2023-01-02 17:43:06,826 fail2ban.filter         [296]: INFO      encoding: UTF-8
2023-01-02 17:43:06,828 fail2ban.filter         [296]: INFO    Added logfile: '/config/log/nginx/access.log' (pos = 0, hash = da39a3ee5e6b4b0d3255bfef95601890afd80709)
2023-01-02 17:43:06,829 fail2ban.jail           [296]: INFO    Creating new jail 'nginx-badbots'
2023-01-02 17:43:06,836 fail2ban.jail           [296]: INFO    Jail 'nginx-badbots' uses poller {}
2023-01-02 17:43:06,837 fail2ban.jail           [296]: INFO    Initiated 'polling' backend
2023-01-02 17:43:06,881 fail2ban.filter         [296]: INFO      maxRetry: 2
2023-01-02 17:43:06,882 fail2ban.filter         [296]: INFO      findtime: 600
2023-01-02 17:43:06,883 fail2ban.actions        [296]: INFO      banTime: 600
2023-01-02 17:43:06,884 fail2ban.filter         [296]: INFO      encoding: UTF-8
2023-01-02 17:43:06,885 fail2ban.filter         [296]: INFO    Added logfile: '/config/log/nginx/access.log' (pos = 0, hash = da39a3ee5e6b4b0d3255bfef95601890afd80709)
2023-01-02 17:43:06,886 fail2ban.jail           [296]: INFO    Creating new jail 'nginx-deny'
2023-01-02 17:43:06,891 fail2ban.jail           [296]: INFO    Jail 'nginx-deny' uses poller {}
2023-01-02 17:43:06,892 fail2ban.jail           [296]: INFO    Initiated 'polling' backend
2023-01-02 17:43:06,902 fail2ban.filter         [296]: INFO      maxRetry: 5
2023-01-02 17:43:06,903 fail2ban.filter         [296]: INFO      findtime: 600
2023-01-02 17:43:06,904 fail2ban.actions        [296]: INFO      banTime: 600
2023-01-02 17:43:06,905 fail2ban.filter         [296]: INFO      encoding: UTF-8
2023-01-02 17:43:06,906 fail2ban.filter         [296]: INFO    Added logfile: '/config/log/nginx/error.log' (pos = 0, hash = da39a3ee5e6b4b0d3255bfef95601890afd80709)
2023-01-02 17:43:06,908 fail2ban.jail           [296]: INFO    Creating new jail 'nginx-unauthorized'
2023-01-02 17:43:06,912 fail2ban.jail           [296]: INFO    Jail 'nginx-unauthorized' uses poller {}
2023-01-02 17:43:06,913 fail2ban.jail           [296]: INFO    Initiated 'polling' backend
2023-01-02 17:43:06,918 fail2ban.filter         [296]: INFO      maxRetry: 5
2023-01-02 17:43:06,918 fail2ban.filter         [296]: INFO      findtime: 600
2023-01-02 17:43:06,919 fail2ban.actions        [296]: INFO      banTime: 600
2023-01-02 17:43:06,920 fail2ban.filter         [296]: INFO      encoding: UTF-8
2023-01-02 17:43:06,921 fail2ban.filter         [296]: INFO    Added logfile: '/config/log/nginx/access.log' (pos = 0, hash = da39a3ee5e6b4b0d3255bfef95601890afd80709)
2023-01-02 17:43:06,925 fail2ban.jail           [296]: INFO    Jail 'nginx-http-auth' started
2023-01-02 17:43:06,929 fail2ban.jail           [296]: INFO    Jail 'nginx-botsearch' started
2023-01-02 17:43:06,933 fail2ban.jail           [296]: INFO    Jail 'nginx-badbots' started
2023-01-02 17:43:06,936 fail2ban.jail           [296]: INFO    Jail 'nginx-deny' started
2023-01-02 17:43:06,939 fail2ban.jail           [296]: INFO    Jail 'nginx-unauthorized' started
2023-01-02 17:43:31,150 fail2ban.server         [296]: INFO    Shutdown in progress...
2023-01-02 17:43:31,158 fail2ban.observer       [296]: INFO    Observer stop ... try to end queue 5 seconds
2023-01-02 17:43:31,182 fail2ban.observer       [296]: INFO    Observer stopped, 0 events remaining.
2023-01-02 17:43:31,221 fail2ban.server         [296]: INFO    Stopping all jails
2023-01-02 17:43:31,224 fail2ban.filter         [296]: INFO    Removed logfile: '/config/log/nginx/error.log'
2023-01-02 17:43:31,225 fail2ban.filter         [296]: INFO    Removed logfile: '/config/log/nginx/access.log'
2023-01-02 17:43:31,227 fail2ban.filter         [296]: INFO    Removed logfile: '/config/log/nginx/access.log'
2023-01-02 17:43:31,229 fail2ban.filter         [296]: INFO    Removed logfile: '/config/log/nginx/error.log'
2023-01-02 17:43:31,230 fail2ban.filter         [296]: INFO    Removed logfile: '/config/log/nginx/access.log'
2023-01-02 17:43:31,295 fail2ban                [296]: WARNING Caught signal 15. Exiting
2023-01-02 17:43:50,610 fail2ban.server         [283]: INFO    --------------------------------------------------
2023-01-02 17:43:50,611 fail2ban.server         [283]: INFO    Starting Fail2ban v0.11.2
2023-01-02 17:43:50,614 fail2ban.observer       [283]: INFO    Observer start...
2023-01-02 17:43:50,960 fail2ban.database       [283]: INFO    Connected to fail2ban persistent database '/config/fail2ban/fail2ban.sqlite3'
2023-01-02 17:43:50,970 fail2ban.jail           [283]: INFO    Creating new jail 'nginx-http-auth'
2023-01-02 17:43:51,034 fail2ban.jail           [283]: INFO    Jail 'nginx-http-auth' uses poller {}
2023-01-02 17:43:51,035 fail2ban.jail           [283]: INFO    Initiated 'polling' backend
2023-01-02 17:43:51,062 fail2ban.filter         [283]: INFO      maxRetry: 5
2023-01-02 17:43:51,063 fail2ban.filter         [283]: INFO      findtime: 600
2023-01-02 17:43:51,064 fail2ban.actions        [283]: INFO      banTime: 600
2023-01-02 17:43:51,065 fail2ban.filter         [283]: INFO      encoding: UTF-8
2023-01-02 17:43:51,066 fail2ban.filter         [283]: INFO    Added logfile: '/config/log/nginx/error.log' (pos = 0, hash = da39a3ee5e6b4b0d3255bfef95601890afd80709)
2023-01-02 17:43:51,067 fail2ban.jail           [283]: INFO    Creating new jail 'nginx-botsearch'
2023-01-02 17:43:51,073 fail2ban.jail           [283]: INFO    Jail 'nginx-botsearch' uses poller {}
2023-01-02 17:43:51,074 fail2ban.jail           [283]: INFO    Initiated 'polling' backend
2023-01-02 17:43:51,097 fail2ban.datedetector   [283]: INFO      date pattern `'{^LN-BEG}%ExY(?P<_sep>[-/.])%m(?P=_sep)%d[T ]%H:%M:%S(?:[.,]%f)?(?:\\s*%z)?'`: `{^LN-BEG}ExYear(?P<_sep>[-/.])Month(?P=_sep)Day[T ]24hour:Minute:Second(?:[.,]Microseconds)?(?:\s*Zone offset)?`
2023-01-02 17:43:51,106 fail2ban.filter         [283]: INFO      maxRetry: 2
2023-01-02 17:43:51,107 fail2ban.filter         [283]: INFO      findtime: 600
2023-01-02 17:43:51,108 fail2ban.actions        [283]: INFO      banTime: 600
2023-01-02 17:43:51,108 fail2ban.filter         [283]: INFO      encoding: UTF-8
2023-01-02 17:43:51,109 fail2ban.filter         [283]: INFO    Added logfile: '/config/log/nginx/access.log' (pos = 0, hash = da39a3ee5e6b4b0d3255bfef95601890afd80709)
2023-01-02 17:43:51,111 fail2ban.jail           [283]: INFO    Creating new jail 'nginx-badbots'
2023-01-02 17:43:51,115 fail2ban.jail           [283]: INFO    Jail 'nginx-badbots' uses poller {}
2023-01-02 17:43:51,116 fail2ban.jail           [283]: INFO    Initiated 'polling' backend
2023-01-02 17:43:51,166 fail2ban.filter         [283]: INFO      maxRetry: 2
2023-01-02 17:43:51,168 fail2ban.filter         [283]: INFO      findtime: 600
2023-01-02 17:43:51,169 fail2ban.actions        [283]: INFO      banTime: 600
2023-01-02 17:43:51,170 fail2ban.filter         [283]: INFO      encoding: UTF-8
2023-01-02 17:43:51,171 fail2ban.filter         [283]: INFO    Added logfile: '/config/log/nginx/access.log' (pos = 0, hash = da39a3ee5e6b4b0d3255bfef95601890afd80709)
2023-01-02 17:43:51,172 fail2ban.jail           [283]: INFO    Creating new jail 'nginx-deny'
2023-01-02 17:43:51,178 fail2ban.jail           [283]: INFO    Jail 'nginx-deny' uses poller {}
2023-01-02 17:43:51,179 fail2ban.jail           [283]: INFO    Initiated 'polling' backend
2023-01-02 17:43:51,189 fail2ban.filter         [283]: INFO      maxRetry: 5
2023-01-02 17:43:51,190 fail2ban.filter         [283]: INFO      findtime: 600
2023-01-02 17:43:51,190 fail2ban.actions        [283]: INFO      banTime: 600
2023-01-02 17:43:51,192 fail2ban.filter         [283]: INFO      encoding: UTF-8
2023-01-02 17:43:51,193 fail2ban.filter         [283]: INFO    Added logfile: '/config/log/nginx/error.log' (pos = 0, hash = da39a3ee5e6b4b0d3255bfef95601890afd80709)
2023-01-02 17:43:51,194 fail2ban.jail           [283]: INFO    Creating new jail 'nginx-unauthorized'
2023-01-02 17:43:51,199 fail2ban.jail           [283]: INFO    Jail 'nginx-unauthorized' uses poller {}
2023-01-02 17:43:51,200 fail2ban.jail           [283]: INFO    Initiated 'polling' backend
2023-01-02 17:43:51,208 fail2ban.filter         [283]: INFO      maxRetry: 5
2023-01-02 17:43:51,209 fail2ban.filter         [283]: INFO      findtime: 600
2023-01-02 17:43:51,210 fail2ban.actions        [283]: INFO      banTime: 600
2023-01-02 17:43:51,211 fail2ban.filter         [283]: INFO      encoding: UTF-8
2023-01-02 17:43:51,212 fail2ban.filter         [283]: INFO    Added logfile: '/config/log/nginx/access.log' (pos = 0, hash = da39a3ee5e6b4b0d3255bfef95601890afd80709)
2023-01-02 17:43:51,216 fail2ban.jail           [283]: INFO    Jail 'nginx-http-auth' started
2023-01-02 17:43:51,222 fail2ban.jail           [283]: INFO    Jail 'nginx-botsearch' started
2023-01-02 17:43:51,226 fail2ban.jail           [283]: INFO    Jail 'nginx-badbots' started
2023-01-02 17:43:51,230 fail2ban.jail           [283]: INFO    Jail 'nginx-deny' started
2023-01-02 17:43:51,234 fail2ban.jail           [283]: INFO    Jail 'nginx-unauthorized' started
2023-01-02 17:44:56,505 fail2ban.filter         [283]: INFO    [nginx-unauthorized] Ignore 10.33.0.13 by ip
2023-01-02 17:44:56,711 fail2ban.filter         [283]: INFO    [nginx-unauthorized] Ignore 10.33.0.13 by ip
2023-01-02 17:45:53,661 fail2ban.filter         [283]: INFO    [nginx-unauthorized] Ignore 10.33.0.13 by ip
2023-01-02 17:47:47,191 fail2ban.server         [283]: INFO    Shutdown in progress...
2023-01-02 17:47:47,192 fail2ban.observer       [283]: INFO    Observer stop ... try to end queue 5 seconds
2023-01-02 17:47:47,222 fail2ban.observer       [283]: INFO    Observer stopped, 0 events remaining.
2023-01-02 17:47:47,264 fail2ban.server         [283]: INFO    Stopping all jails
2023-01-02 17:47:47,267 fail2ban.filter         [283]: INFO    Removed logfile: '/config/log/nginx/error.log'
2023-01-02 17:47:47,269 fail2ban.filter         [283]: INFO    Removed logfile: '/config/log/nginx/access.log'
2023-01-02 17:47:47,271 fail2ban.filter         [283]: INFO    Removed logfile: '/config/log/nginx/access.log'
2023-01-02 17:47:47,273 fail2ban.filter         [283]: INFO    Removed logfile: '/config/log/nginx/error.log'
2023-01-02 17:47:47,280 fail2ban.filter         [283]: INFO    Removed logfile: '/config/log/nginx/access.log'
2023-01-02 17:47:47,429 fail2ban                [283]: WARNING Caught signal 15. Exiting
2023-01-02 18:01:39,646 fail2ban.server         [282]: INFO    --------------------------------------------------
2023-01-02 18:01:39,647 fail2ban.server         [282]: INFO    Starting Fail2ban v0.11.2
2023-01-02 18:01:39,650 fail2ban.observer       [282]: INFO    Observer start...
2023-01-02 18:01:39,981 fail2ban.database       [282]: INFO    Connected to fail2ban persistent database '/config/fail2ban/fail2ban.sqlite3'
2023-01-02 18:01:39,990 fail2ban.jail           [282]: INFO    Creating new jail 'nginx-http-auth'
2023-01-02 18:01:40,070 fail2ban.jail           [282]: INFO    Jail 'nginx-http-auth' uses poller {}
2023-01-02 18:01:40,072 fail2ban.jail           [282]: INFO    Initiated 'polling' backend
2023-01-02 18:01:40,108 fail2ban.filter         [282]: INFO      maxRetry: 5
2023-01-02 18:01:40,110 fail2ban.filter         [282]: INFO      findtime: 600
2023-01-02 18:01:40,110 fail2ban.actions        [282]: INFO      banTime: 600
2023-01-02 18:01:40,112 fail2ban.filter         [282]: INFO      encoding: UTF-8
2023-01-02 18:01:40,113 fail2ban.filter         [282]: INFO    Added logfile: '/config/log/nginx/error.log' (pos = 1028, hash = 9f4e38a79703fd1efea215c9d96a104e1614206c)
2023-01-02 18:01:40,115 fail2ban.jail           [282]: INFO    Creating new jail 'nginx-botsearch'
2023-01-02 18:01:40,124 fail2ban.jail           [282]: INFO    Jail 'nginx-botsearch' uses poller {}
2023-01-02 18:01:40,125 fail2ban.jail           [282]: INFO    Initiated 'polling' backend
2023-01-02 18:01:40,155 fail2ban.datedetector   [282]: INFO      date pattern `'{^LN-BEG}%ExY(?P<_sep>[-/.])%m(?P=_sep)%d[T ]%H:%M:%S(?:[.,]%f)?(?:\\s*%z)?'`: `{^LN-BEG}ExYear(?P<_sep>[-/.])Month(?P=_sep)Day[T ]24hour:Minute:Second(?:[.,]Microseconds)?(?:\s*Zone offset)?`
2023-01-02 18:01:40,168 fail2ban.filter         [282]: INFO      maxRetry: 2
2023-01-02 18:01:40,169 fail2ban.filter         [282]: INFO      findtime: 600
2023-01-02 18:01:40,169 fail2ban.actions        [282]: INFO      banTime: 600
2023-01-02 18:01:40,170 fail2ban.filter         [282]: INFO      encoding: UTF-8
2023-01-02 18:01:40,172 fail2ban.filter         [282]: INFO    Added logfile: '/config/log/nginx/access.log' (pos = 31378, hash = 976b64a98ee26011ee19efeb50e22d9124d4c926)
2023-01-02 18:01:40,174 fail2ban.jail           [282]: INFO    Creating new jail 'nginx-badbots'
2023-01-02 18:01:40,180 fail2ban.jail           [282]: INFO    Jail 'nginx-badbots' uses poller {}
2023-01-02 18:01:40,181 fail2ban.jail           [282]: INFO    Initiated 'polling' backend
2023-01-02 18:01:40,242 fail2ban.filter         [282]: INFO      maxRetry: 2
2023-01-02 18:01:40,243 fail2ban.filter         [282]: INFO      findtime: 600
2023-01-02 18:01:40,244 fail2ban.actions        [282]: INFO      banTime: 600
2023-01-02 18:01:40,246 fail2ban.filter         [282]: INFO      encoding: UTF-8
2023-01-02 18:01:40,248 fail2ban.filter         [282]: INFO    Added logfile: '/config/log/nginx/access.log' (pos = 31378, hash = 976b64a98ee26011ee19efeb50e22d9124d4c926)
2023-01-02 18:01:40,250 fail2ban.jail           [282]: INFO    Creating new jail 'nginx-deny'
2023-01-02 18:01:40,257 fail2ban.jail           [282]: INFO    Jail 'nginx-deny' uses poller {}
2023-01-02 18:01:40,258 fail2ban.jail           [282]: INFO    Initiated 'polling' backend
2023-01-02 18:01:40,270 fail2ban.filter         [282]: INFO      maxRetry: 5
2023-01-02 18:01:40,271 fail2ban.filter         [282]: INFO      findtime: 600
2023-01-02 18:01:40,272 fail2ban.actions        [282]: INFO      banTime: 600
2023-01-02 18:01:40,272 fail2ban.filter         [282]: INFO      encoding: UTF-8
2023-01-02 18:01:40,274 fail2ban.filter         [282]: INFO    Added logfile: '/config/log/nginx/error.log' (pos = 1028, hash = 9f4e38a79703fd1efea215c9d96a104e1614206c)
2023-01-02 18:01:40,275 fail2ban.jail           [282]: INFO    Creating new jail 'nginx-unauthorized'
2023-01-02 18:01:40,282 fail2ban.jail           [282]: INFO    Jail 'nginx-unauthorized' uses poller {}
2023-01-02 18:01:40,284 fail2ban.jail           [282]: INFO    Initiated 'polling' backend
2023-01-02 18:01:40,293 fail2ban.filter         [282]: INFO      maxRetry: 5
2023-01-02 18:01:40,294 fail2ban.filter         [282]: INFO      findtime: 600
2023-01-02 18:01:40,295 fail2ban.actions        [282]: INFO      banTime: 600
2023-01-02 18:01:40,296 fail2ban.filter         [282]: INFO      encoding: UTF-8
2023-01-02 18:01:40,298 fail2ban.filter         [282]: INFO    Added logfile: '/config/log/nginx/access.log' (pos = 31378, hash = 976b64a98ee26011ee19efeb50e22d9124d4c926)
2023-01-02 18:01:40,315 fail2ban.jail           [282]: INFO    Jail 'nginx-http-auth' started
2023-01-02 18:01:40,328 fail2ban.jail           [282]: INFO    Jail 'nginx-botsearch' started
2023-01-02 18:01:40,395 fail2ban.jail           [282]: INFO    Jail 'nginx-badbots' started
2023-01-02 18:01:40,510 fail2ban.jail           [282]: INFO    Jail 'nginx-deny' started
2023-01-02 18:01:40,594 fail2ban.jail           [282]: INFO    Jail 'nginx-unauthorized' started
2023-01-02 18:02:33,870 fail2ban.filter         [282]: INFO    [nginx-unauthorized] Ignore 10.33.0.13 by ip
2023-01-02 18:03:01,127 fail2ban.filter         [282]: INFO    [nginx-unauthorized] Ignore 10.33.0.13 by ip
2023-01-02 18:03:01,330 fail2ban.filter         [282]: INFO    [nginx-unauthorized] Ignore 10.33.0.13 by ip
2023-01-02 18:03:09,548 fail2ban.filter         [282]: INFO    [nginx-unauthorized] Ignore 10.33.0.13 by ip
2023-01-02 18:03:17,774 fail2ban.filter         [282]: INFO    [nginx-unauthorized] Ignore 10.33.0.13 by ip
2023-01-02 18:03:35,446 fail2ban.filter         [282]: INFO    [nginx-unauthorized] Ignore 10.33.0.13 by ip
2023-01-02 18:03:52,110 fail2ban.filter         [282]: INFO    [nginx-unauthorized] Ignore 10.33.0.13 by ip
2023-01-02 18:52:35,901 fail2ban.server         [282]: INFO    Shutdown in progress...
2023-01-02 18:52:35,930 fail2ban.observer       [282]: INFO    Observer stop ... try to end queue 5 seconds
2023-01-02 18:52:35,952 fail2ban.observer       [282]: INFO    Observer stopped, 0 events remaining.
2023-01-02 18:52:36,024 fail2ban.server         [282]: INFO    Stopping all jails
2023-01-02 18:52:36,025 fail2ban.filter         [282]: INFO    Removed logfile: '/config/log/nginx/error.log'
2023-01-02 18:52:36,028 fail2ban.filter         [282]: INFO    Removed logfile: '/config/log/nginx/access.log'
2023-01-02 18:52:36,029 fail2ban.filter         [282]: INFO    Removed logfile: '/config/log/nginx/access.log'
2023-01-02 18:52:36,030 fail2ban.filter         [282]: INFO    Removed logfile: '/config/log/nginx/error.log'
2023-01-02 18:52:36,031 fail2ban.filter         [282]: INFO    Removed logfile: '/config/log/nginx/access.log'
2023-01-02 18:52:36,288 fail2ban.actions        [282]: NOTICE  [nginx-botsearch] Flush ticket(s) with iptables-allports
2023-01-02 18:52:36,291 fail2ban.actions        [282]: NOTICE  [nginx-http-auth] Flush ticket(s) with iptables-allports
2023-01-02 18:52:36,294 fail2ban.jail           [282]: INFO    Jail 'nginx-http-auth' stopped
2023-01-02 18:52:36,339 fail2ban.actions        [282]: NOTICE  [nginx-badbots] Flush ticket(s) with iptables-allports
2023-01-02 18:52:36,382 fail2ban.jail           [282]: INFO    Jail 'nginx-botsearch' stopped
2023-01-02 18:52:36,417 fail2ban.jail           [282]: INFO    Jail 'nginx-badbots' stopped
2023-01-02 18:52:36,421 fail2ban.actions        [282]: NOTICE  [nginx-deny] Flush ticket(s) with iptables-allports
2023-01-02 18:52:36,430 fail2ban.jail           [282]: INFO    Jail 'nginx-deny' stopped
2023-01-02 18:52:36,503 fail2ban                [282]: WARNING Caught signal 15. Exiting
2023-01-02 18:53:34,934 fail2ban.server         [284]: INFO    --------------------------------------------------
2023-01-02 18:53:34,952 fail2ban.server         [284]: INFO    Starting Fail2ban v0.11.2
2023-01-02 18:53:34,954 fail2ban.observer       [284]: INFO    Observer start...
2023-01-02 18:53:34,955 fail2ban.asyncserver    [284]: ERROR   Fail2ban seems to be already running
2023-01-02 18:53:34,956 fail2ban.asyncserver    [284]: WARNING Forcing execution of the server
2023-01-02 18:53:35,035 fail2ban.database       [284]: INFO    Connected to fail2ban persistent database '/config/fail2ban/fail2ban.sqlite3'
2023-01-02 18:53:35,052 fail2ban.jail           [284]: INFO    Creating new jail 'nginx-http-auth'
2023-01-02 18:53:35,066 fail2ban.jail           [284]: INFO    Jail 'nginx-http-auth' uses poller {}
2023-01-02 18:53:35,067 fail2ban.jail           [284]: INFO    Initiated 'polling' backend
2023-01-02 18:53:35,111 fail2ban.filter         [284]: INFO      maxRetry: 5
2023-01-02 18:53:35,112 fail2ban.filter         [284]: INFO      findtime: 600
2023-01-02 18:53:35,113 fail2ban.actions        [284]: INFO      banTime: 600
2023-01-02 18:53:35,114 fail2ban.filter         [284]: INFO      encoding: UTF-8
2023-01-02 18:53:35,115 fail2ban.filter         [284]: INFO    Added logfile: '/config/log/nginx/error.log' (pos = 4806, hash = 9f4e38a79703fd1efea215c9d96a104e1614206c)
2023-01-02 18:53:35,117 fail2ban.jail           [284]: INFO    Creating new jail 'nginx-botsearch'
2023-01-02 18:53:35,121 fail2ban.jail           [284]: INFO    Jail 'nginx-botsearch' uses poller {}
2023-01-02 18:53:35,122 fail2ban.jail           [284]: INFO    Initiated 'polling' backend
2023-01-02 18:53:35,145 fail2ban.datedetector   [284]: INFO      date pattern `'{^LN-BEG}%ExY(?P<_sep>[-/.])%m(?P=_sep)%d[T ]%H:%M:%S(?:[.,]%f)?(?:\\s*%z)?'`: `{^LN-BEG}ExYear(?P<_sep>[-/.])Month(?P=_sep)Day[T ]24hour:Minute:Second(?:[.,]Microseconds)?(?:\s*Zone offset)?`
2023-01-02 18:53:35,156 fail2ban.filter         [284]: INFO      maxRetry: 2
2023-01-02 18:53:35,157 fail2ban.filter         [284]: INFO      findtime: 600
2023-01-02 18:53:35,158 fail2ban.actions        [284]: INFO      banTime: 600
2023-01-02 18:53:35,158 fail2ban.filter         [284]: INFO      encoding: UTF-8
2023-01-02 18:53:35,160 fail2ban.filter         [284]: INFO    Added logfile: '/config/log/nginx/access.log' (pos = 333513, hash = 976b64a98ee26011ee19efeb50e22d9124d4c926)
2023-01-02 18:53:35,161 fail2ban.jail           [284]: INFO    Creating new jail 'nginx-badbots'
2023-01-02 18:53:35,166 fail2ban.jail           [284]: INFO    Jail 'nginx-badbots' uses poller {}
2023-01-02 18:53:35,167 fail2ban.jail           [284]: INFO    Initiated 'polling' backend
2023-01-02 18:53:35,260 fail2ban.filter         [284]: INFO      maxRetry: 2
2023-01-02 18:53:35,261 fail2ban.filter         [284]: INFO      findtime: 600
2023-01-02 18:53:35,261 fail2ban.actions        [284]: INFO      banTime: 600
2023-01-02 18:53:35,262 fail2ban.filter         [284]: INFO      encoding: UTF-8
2023-01-02 18:53:35,263 fail2ban.filter         [284]: INFO    Added logfile: '/config/log/nginx/access.log' (pos = 333513, hash = 976b64a98ee26011ee19efeb50e22d9124d4c926)
2023-01-02 18:53:35,264 fail2ban.jail           [284]: INFO    Creating new jail 'nginx-deny'
2023-01-02 18:53:35,270 fail2ban.jail           [284]: INFO    Jail 'nginx-deny' uses poller {}
2023-01-02 18:53:35,271 fail2ban.jail           [284]: INFO    Initiated 'polling' backend
2023-01-02 18:53:35,280 fail2ban.filter         [284]: INFO      maxRetry: 5
2023-01-02 18:53:35,281 fail2ban.filter         [284]: INFO      findtime: 600
2023-01-02 18:53:35,282 fail2ban.actions        [284]: INFO      banTime: 600
2023-01-02 18:53:35,282 fail2ban.filter         [284]: INFO      encoding: UTF-8
2023-01-02 18:53:35,283 fail2ban.filter         [284]: INFO    Added logfile: '/config/log/nginx/error.log' (pos = 4806, hash = 9f4e38a79703fd1efea215c9d96a104e1614206c)
2023-01-02 18:53:35,285 fail2ban.jail           [284]: INFO    Creating new jail 'nginx-unauthorized'
2023-01-02 18:53:35,290 fail2ban.jail           [284]: INFO    Jail 'nginx-unauthorized' uses poller {}
2023-01-02 18:53:35,291 fail2ban.jail           [284]: INFO    Initiated 'polling' backend
2023-01-02 18:53:35,298 fail2ban.filter         [284]: INFO      maxRetry: 5
2023-01-02 18:53:35,299 fail2ban.filter         [284]: INFO      findtime: 600
2023-01-02 18:53:35,299 fail2ban.actions        [284]: INFO      banTime: 600
2023-01-02 18:53:35,300 fail2ban.filter         [284]: INFO      encoding: UTF-8
2023-01-02 18:53:35,301 fail2ban.filter         [284]: INFO    Added logfile: '/config/log/nginx/access.log' (pos = 333513, hash = 976b64a98ee26011ee19efeb50e22d9124d4c926)
2023-01-02 18:53:35,307 fail2ban.jail           [284]: INFO    Jail 'nginx-http-auth' started
2023-01-02 18:53:35,313 fail2ban.jail           [284]: INFO    Jail 'nginx-botsearch' started
2023-01-02 18:53:35,318 fail2ban.jail           [284]: INFO    Jail 'nginx-badbots' started
2023-01-02 18:53:35,344 fail2ban.jail           [284]: INFO    Jail 'nginx-deny' started
2023-01-02 18:53:35,356 fail2ban.jail           [284]: INFO    Jail 'nginx-unauthorized' started
2023-01-02 19:04:27,099 fail2ban.server         [284]: INFO    Shutdown in progress...
2023-01-02 19:04:27,110 fail2ban.observer       [284]: INFO    Observer stop ... try to end queue 5 seconds
2023-01-02 19:04:27,132 fail2ban.observer       [284]: INFO    Observer stopped, 0 events remaining.
2023-01-02 19:04:27,172 fail2ban.server         [284]: INFO    Stopping all jails
2023-01-02 19:04:27,181 fail2ban.filter         [284]: INFO    Removed logfile: '/config/log/nginx/error.log'
2023-01-02 19:04:27,182 fail2ban.filter         [284]: INFO    Removed logfile: '/config/log/nginx/access.log'
2023-01-02 19:04:27,183 fail2ban.filter         [284]: INFO    Removed logfile: '/config/log/nginx/access.log'
2023-01-02 19:04:27,184 fail2ban.filter         [284]: INFO    Removed logfile: '/config/log/nginx/error.log'
2023-01-02 19:04:27,185 fail2ban.filter         [284]: INFO    Removed logfile: '/config/log/nginx/access.log'
2023-01-02 19:04:27,310 fail2ban                [284]: WARNING Caught signal 15. Exiting
2023-01-02 19:04:48,334 fail2ban.server         [284]: INFO    --------------------------------------------------
2023-01-02 19:04:48,335 fail2ban.server         [284]: INFO    Starting Fail2ban v0.11.2
2023-01-02 19:04:48,343 fail2ban.observer       [284]: INFO    Observer start...
2023-01-02 19:04:48,399 fail2ban.database       [284]: INFO    Connected to fail2ban persistent database '/config/fail2ban/fail2ban.sqlite3'
2023-01-02 19:04:48,404 fail2ban.jail           [284]: INFO    Creating new jail 'nginx-http-auth'
2023-01-02 19:04:48,475 fail2ban.jail           [284]: INFO    Jail 'nginx-http-auth' uses poller {}
2023-01-02 19:04:48,482 fail2ban.jail           [284]: INFO    Initiated 'polling' backend
2023-01-02 19:04:48,512 fail2ban.filter         [284]: INFO      maxRetry: 5
2023-01-02 19:04:48,513 fail2ban.filter         [284]: INFO      findtime: 600
2023-01-02 19:04:48,514 fail2ban.actions        [284]: INFO      banTime: 600
2023-01-02 19:04:48,515 fail2ban.filter         [284]: INFO      encoding: UTF-8
2023-01-02 19:04:48,517 fail2ban.filter         [284]: INFO    Added logfile: '/config/log/nginx/error.log' (pos = 6196, hash = 9f4e38a79703fd1efea215c9d96a104e1614206c)
2023-01-02 19:04:48,518 fail2ban.jail           [284]: INFO    Creating new jail 'nginx-botsearch'
2023-01-02 19:04:48,525 fail2ban.jail           [284]: INFO    Jail 'nginx-botsearch' uses poller {}
2023-01-02 19:04:48,526 fail2ban.jail           [284]: INFO    Initiated 'polling' backend
2023-01-02 19:04:48,549 fail2ban.datedetector   [284]: INFO      date pattern `'{^LN-BEG}%ExY(?P<_sep>[-/.])%m(?P=_sep)%d[T ]%H:%M:%S(?:[.,]%f)?(?:\\s*%z)?'`: `{^LN-BEG}ExYear(?P<_sep>[-/.])Month(?P=_sep)Day[T ]24hour:Minute:Second(?:[.,]Microseconds)?(?:\s*Zone offset)?`
2023-01-02 19:04:48,558 fail2ban.filter         [284]: INFO      maxRetry: 2
2023-01-02 19:04:48,558 fail2ban.filter         [284]: INFO      findtime: 600
2023-01-02 19:04:48,559 fail2ban.actions        [284]: INFO      banTime: 600
2023-01-02 19:04:48,560 fail2ban.filter         [284]: INFO      encoding: UTF-8
2023-01-02 19:04:48,561 fail2ban.filter         [284]: INFO    Added logfile: '/config/log/nginx/access.log' (pos = 434045, hash = 976b64a98ee26011ee19efeb50e22d9124d4c926)
2023-01-02 19:04:48,563 fail2ban.jail           [284]: INFO    Creating new jail 'nginx-badbots'
2023-01-02 19:04:48,567 fail2ban.jail           [284]: INFO    Jail 'nginx-badbots' uses poller {}
2023-01-02 19:04:48,568 fail2ban.jail           [284]: INFO    Initiated 'polling' backend
2023-01-02 19:04:48,617 fail2ban.filter         [284]: INFO      maxRetry: 2
2023-01-02 19:04:48,618 fail2ban.filter         [284]: INFO      findtime: 600
2023-01-02 19:04:48,621 fail2ban.actions        [284]: INFO      banTime: 600
2023-01-02 19:04:48,622 fail2ban.filter         [284]: INFO      encoding: UTF-8
2023-01-02 19:04:48,623 fail2ban.filter         [284]: INFO    Added logfile: '/config/log/nginx/access.log' (pos = 434045, hash = 976b64a98ee26011ee19efeb50e22d9124d4c926)
2023-01-02 19:04:48,624 fail2ban.jail           [284]: INFO    Creating new jail 'nginx-deny'
2023-01-02 19:04:48,629 fail2ban.jail           [284]: INFO    Jail 'nginx-deny' uses poller {}
2023-01-02 19:04:48,630 fail2ban.jail           [284]: INFO    Initiated 'polling' backend
2023-01-02 19:04:48,639 fail2ban.filter         [284]: INFO      maxRetry: 5
2023-01-02 19:04:48,640 fail2ban.filter         [284]: INFO      findtime: 600
2023-01-02 19:04:48,640 fail2ban.actions        [284]: INFO      banTime: 600
2023-01-02 19:04:48,641 fail2ban.filter         [284]: INFO      encoding: UTF-8
2023-01-02 19:04:48,642 fail2ban.filter         [284]: INFO    Added logfile: '/config/log/nginx/error.log' (pos = 6196, hash = 9f4e38a79703fd1efea215c9d96a104e1614206c)
2023-01-02 19:04:48,644 fail2ban.jail           [284]: INFO    Creating new jail 'nginx-unauthorized'
2023-01-02 19:04:48,649 fail2ban.jail           [284]: INFO    Jail 'nginx-unauthorized' uses poller {}
2023-01-02 19:04:48,649 fail2ban.jail           [284]: INFO    Initiated 'polling' backend
2023-01-02 19:04:48,656 fail2ban.filter         [284]: INFO      maxRetry: 5
2023-01-02 19:04:48,657 fail2ban.filter         [284]: INFO      findtime: 600
2023-01-02 19:04:48,658 fail2ban.actions        [284]: INFO      banTime: 600
2023-01-02 19:04:48,659 fail2ban.filter         [284]: INFO      encoding: UTF-8
2023-01-02 19:04:48,660 fail2ban.filter         [284]: INFO    Added logfile: '/config/log/nginx/access.log' (pos = 434045, hash = 976b64a98ee26011ee19efeb50e22d9124d4c926)
2023-01-02 19:04:48,674 fail2ban.jail           [284]: INFO    Jail 'nginx-http-auth' started
2023-01-02 19:04:48,704 fail2ban.jail           [284]: INFO    Jail 'nginx-botsearch' started
2023-01-02 19:04:48,823 fail2ban.jail           [284]: INFO    Jail 'nginx-badbots' started
2023-01-02 19:04:48,886 fail2ban.jail           [284]: INFO    Jail 'nginx-deny' started
2023-01-02 19:04:48,953 fail2ban.jail           [284]: INFO    Jail 'nginx-unauthorized' started
2023-01-02 19:06:00,834 fail2ban.server         [284]: INFO    Shutdown in progress...
2023-01-02 19:06:00,835 fail2ban.observer       [284]: INFO    Observer stop ... try to end queue 5 seconds
2023-01-02 19:06:00,857 fail2ban.observer       [284]: INFO    Observer stopped, 0 events remaining.
2023-01-02 19:06:00,903 fail2ban.server         [284]: INFO    Stopping all jails
2023-01-02 19:06:00,907 fail2ban.filter         [284]: INFO    Removed logfile: '/config/log/nginx/error.log'
2023-01-02 19:06:00,911 fail2ban.filter         [284]: INFO    Removed logfile: '/config/log/nginx/access.log'
2023-01-02 19:06:00,914 fail2ban.filter         [284]: INFO    Removed logfile: '/config/log/nginx/access.log'
2023-01-02 19:06:00,916 fail2ban.filter         [284]: INFO    Removed logfile: '/config/log/nginx/error.log'
2023-01-02 19:06:00,918 fail2ban.filter         [284]: INFO    Removed logfile: '/config/log/nginx/access.log'
2023-01-02 19:06:00,961 fail2ban                [284]: WARNING Caught signal 15. Exiting
2023-01-02 19:06:21,065 fail2ban.server         [282]: INFO    --------------------------------------------------
2023-01-02 19:06:21,066 fail2ban.server         [282]: INFO    Starting Fail2ban v0.11.2
2023-01-02 19:06:21,073 fail2ban.observer       [282]: INFO    Observer start...
2023-01-02 19:06:21,374 fail2ban.database       [282]: INFO    Connected to fail2ban persistent database '/config/fail2ban/fail2ban.sqlite3'
2023-01-02 19:06:21,379 fail2ban.jail           [282]: INFO    Creating new jail 'nginx-http-auth'
2023-01-02 19:06:21,473 fail2ban.jail           [282]: INFO    Jail 'nginx-http-auth' uses poller {}
2023-01-02 19:06:21,474 fail2ban.jail           [282]: INFO    Initiated 'polling' backend
2023-01-02 19:06:21,520 fail2ban.filter         [282]: INFO      maxRetry: 5
2023-01-02 19:06:21,521 fail2ban.filter         [282]: INFO      findtime: 600
2023-01-02 19:06:21,522 fail2ban.actions        [282]: INFO      banTime: 600
2023-01-02 19:06:21,523 fail2ban.filter         [282]: INFO      encoding: UTF-8
2023-01-02 19:06:21,524 fail2ban.filter         [282]: INFO    Added logfile: '/config/log/nginx/error.log' (pos = 18719, hash = 9f4e38a79703fd1efea215c9d96a104e1614206c)
2023-01-02 19:06:21,526 fail2ban.jail           [282]: INFO    Creating new jail 'nginx-botsearch'
2023-01-02 19:06:21,533 fail2ban.jail           [282]: INFO    Jail 'nginx-botsearch' uses poller {}
2023-01-02 19:06:21,534 fail2ban.jail           [282]: INFO    Initiated 'polling' backend
2023-01-02 19:06:21,564 fail2ban.datedetector   [282]: INFO      date pattern `'{^LN-BEG}%ExY(?P<_sep>[-/.])%m(?P=_sep)%d[T ]%H:%M:%S(?:[.,]%f)?(?:\\s*%z)?'`: `{^LN-BEG}ExYear(?P<_sep>[-/.])Month(?P=_sep)Day[T ]24hour:Minute:Second(?:[.,]Microseconds)?(?:\s*Zone offset)?`
2023-01-02 19:06:21,575 fail2ban.filter         [282]: INFO      maxRetry: 2
2023-01-02 19:06:21,577 fail2ban.filter         [282]: INFO      findtime: 600
2023-01-02 19:06:21,578 fail2ban.actions        [282]: INFO      banTime: 600
2023-01-02 19:06:21,579 fail2ban.filter         [282]: INFO      encoding: UTF-8
2023-01-02 19:06:21,580 fail2ban.filter         [282]: INFO    Added logfile: '/config/log/nginx/access.log' (pos = 452618, hash = 976b64a98ee26011ee19efeb50e22d9124d4c926)
2023-01-02 19:06:21,582 fail2ban.jail           [282]: INFO    Creating new jail 'nginx-badbots'
2023-01-02 19:06:21,588 fail2ban.jail           [282]: INFO    Jail 'nginx-badbots' uses poller {}
2023-01-02 19:06:21,589 fail2ban.jail           [282]: INFO    Initiated 'polling' backend
2023-01-02 19:06:21,644 fail2ban.filter         [282]: INFO      maxRetry: 2
2023-01-02 19:06:21,647 fail2ban.filter         [282]: INFO      findtime: 600
2023-01-02 19:06:21,648 fail2ban.actions        [282]: INFO      banTime: 600
2023-01-02 19:06:21,649 fail2ban.filter         [282]: INFO      encoding: UTF-8
2023-01-02 19:06:21,650 fail2ban.filter         [282]: INFO    Added logfile: '/config/log/nginx/access.log' (pos = 452618, hash = 976b64a98ee26011ee19efeb50e22d9124d4c926)
2023-01-02 19:06:21,651 fail2ban.jail           [282]: INFO    Creating new jail 'nginx-deny'
2023-01-02 19:06:21,657 fail2ban.jail           [282]: INFO    Jail 'nginx-deny' uses poller {}
2023-01-02 19:06:21,658 fail2ban.jail           [282]: INFO    Initiated 'polling' backend
2023-01-02 19:06:21,669 fail2ban.filter         [282]: INFO      maxRetry: 5
2023-01-02 19:06:21,670 fail2ban.filter         [282]: INFO      findtime: 600
2023-01-02 19:06:21,671 fail2ban.actions        [282]: INFO      banTime: 600
2023-01-02 19:06:21,672 fail2ban.filter         [282]: INFO      encoding: UTF-8
2023-01-02 19:06:21,673 fail2ban.filter         [282]: INFO    Added logfile: '/config/log/nginx/error.log' (pos = 18719, hash = 9f4e38a79703fd1efea215c9d96a104e1614206c)
2023-01-02 19:06:21,675 fail2ban.jail           [282]: INFO    Creating new jail 'nginx-unauthorized'
2023-01-02 19:06:21,680 fail2ban.jail           [282]: INFO    Jail 'nginx-unauthorized' uses poller {}
2023-01-02 19:06:21,682 fail2ban.jail           [282]: INFO    Initiated 'polling' backend
2023-01-02 19:06:21,689 fail2ban.filter         [282]: INFO      maxRetry: 5
2023-01-02 19:06:21,690 fail2ban.filter         [282]: INFO      findtime: 600
2023-01-02 19:06:21,691 fail2ban.actions        [282]: INFO      banTime: 600
2023-01-02 19:06:21,692 fail2ban.filter         [282]: INFO      encoding: UTF-8
2023-01-02 19:06:21,693 fail2ban.filter         [282]: INFO    Added logfile: '/config/log/nginx/access.log' (pos = 452618, hash = 976b64a98ee26011ee19efeb50e22d9124d4c926)
2023-01-02 19:06:21,711 fail2ban.jail           [282]: INFO    Jail 'nginx-http-auth' started
2023-01-02 19:06:21,742 fail2ban.jail           [282]: INFO    Jail 'nginx-botsearch' started
2023-01-02 19:06:21,791 fail2ban.jail           [282]: INFO    Jail 'nginx-badbots' started
2023-01-02 19:06:21,928 fail2ban.jail           [282]: INFO    Jail 'nginx-deny' started
2023-01-02 19:06:21,963 fail2ban.jail           [282]: INFO    Jail 'nginx-unauthorized' started
2023-01-02 19:23:29,889 fail2ban.server         [282]: INFO    --------------------------------------------------
2023-01-02 19:23:29,890 fail2ban.server         [282]: INFO    Starting Fail2ban v0.11.2
2023-01-02 19:23:29,893 fail2ban.observer       [282]: INFO    Observer start...
2023-01-02 19:23:30,250 fail2ban.database       [282]: INFO    Connected to fail2ban persistent database '/config/fail2ban/fail2ban.sqlite3'
2023-01-02 19:23:30,254 fail2ban.jail           [282]: INFO    Creating new jail 'nginx-http-auth'
2023-01-02 19:23:30,426 fail2ban.jail           [282]: INFO    Jail 'nginx-http-auth' uses poller {}
2023-01-02 19:23:30,427 fail2ban.jail           [282]: INFO    Initiated 'polling' backend
2023-01-02 19:23:30,522 fail2ban.filter         [282]: INFO      maxRetry: 5
2023-01-02 19:23:30,524 fail2ban.filter         [282]: INFO      findtime: 600
2023-01-02 19:23:30,535 fail2ban.actions        [282]: INFO      banTime: 600
2023-01-02 19:23:30,537 fail2ban.filter         [282]: INFO      encoding: UTF-8
2023-01-02 19:23:30,538 fail2ban.filter         [282]: INFO    Added logfile: '/config/log/nginx/error.log' (pos = 28146, hash = 9f4e38a79703fd1efea215c9d96a104e1614206c)
2023-01-02 19:23:30,540 fail2ban.jail           [282]: INFO    Creating new jail 'nginx-botsearch'
2023-01-02 19:23:30,552 fail2ban.jail           [282]: INFO    Jail 'nginx-botsearch' uses poller {}
2023-01-02 19:23:30,553 fail2ban.jail           [282]: INFO    Initiated 'polling' backend
2023-01-02 19:23:30,583 fail2ban.datedetector   [282]: INFO      date pattern `'{^LN-BEG}%ExY(?P<_sep>[-/.])%m(?P=_sep)%d[T ]%H:%M:%S(?:[.,]%f)?(?:\\s*%z)?'`: `{^LN-BEG}ExYear(?P<_sep>[-/.])Month(?P=_sep)Day[T ]24hour:Minute:Second(?:[.,]Microseconds)?(?:\s*Zone offset)?`
2023-01-02 19:23:30,592 fail2ban.filter         [282]: INFO      maxRetry: 2
2023-01-02 19:23:30,593 fail2ban.filter         [282]: INFO      findtime: 600
2023-01-02 19:23:30,593 fail2ban.actions        [282]: INFO      banTime: 600
2023-01-02 19:23:30,594 fail2ban.filter         [282]: INFO      encoding: UTF-8
2023-01-02 19:23:30,596 fail2ban.filter         [282]: INFO    Added logfile: '/config/log/nginx/access.log' (pos = 517427, hash = 976b64a98ee26011ee19efeb50e22d9124d4c926)
2023-01-02 19:23:30,597 fail2ban.jail           [282]: INFO    Creating new jail 'nginx-badbots'
2023-01-02 19:23:30,602 fail2ban.jail           [282]: INFO    Jail 'nginx-badbots' uses poller {}
2023-01-02 19:23:30,603 fail2ban.jail           [282]: INFO    Initiated 'polling' backend
2023-01-02 19:23:30,673 fail2ban.filter         [282]: INFO      maxRetry: 2
2023-01-02 19:23:30,674 fail2ban.filter         [282]: INFO      findtime: 600
2023-01-02 19:23:30,676 fail2ban.actions        [282]: INFO      banTime: 600
2023-01-02 19:23:30,677 fail2ban.filter         [282]: INFO      encoding: UTF-8
2023-01-02 19:23:30,678 fail2ban.filter         [282]: INFO    Added logfile: '/config/log/nginx/access.log' (pos = 517427, hash = 976b64a98ee26011ee19efeb50e22d9124d4c926)
2023-01-02 19:23:30,680 fail2ban.jail           [282]: INFO    Creating new jail 'nginx-deny'
2023-01-02 19:23:30,685 fail2ban.jail           [282]: INFO    Jail 'nginx-deny' uses poller {}
2023-01-02 19:23:30,687 fail2ban.jail           [282]: INFO    Initiated 'polling' backend
2023-01-02 19:23:30,697 fail2ban.filter         [282]: INFO      maxRetry: 5
2023-01-02 19:23:30,699 fail2ban.filter         [282]: INFO      findtime: 600
2023-01-02 19:23:30,700 fail2ban.actions        [282]: INFO      banTime: 600
2023-01-02 19:23:30,701 fail2ban.filter         [282]: INFO      encoding: UTF-8
2023-01-02 19:23:30,702 fail2ban.filter         [282]: INFO    Added logfile: '/config/log/nginx/error.log' (pos = 28146, hash = 9f4e38a79703fd1efea215c9d96a104e1614206c)
2023-01-02 19:23:30,704 fail2ban.jail           [282]: INFO    Creating new jail 'nginx-unauthorized'
2023-01-02 19:23:30,710 fail2ban.jail           [282]: INFO    Jail 'nginx-unauthorized' uses poller {}
2023-01-02 19:23:30,711 fail2ban.jail           [282]: INFO    Initiated 'polling' backend
2023-01-02 19:23:30,719 fail2ban.filter         [282]: INFO      maxRetry: 5
2023-01-02 19:23:30,720 fail2ban.filter         [282]: INFO      findtime: 600
2023-01-02 19:23:30,722 fail2ban.actions        [282]: INFO      banTime: 600
2023-01-02 19:23:30,723 fail2ban.filter         [282]: INFO      encoding: UTF-8
2023-01-02 19:23:30,724 fail2ban.filter         [282]: INFO    Added logfile: '/config/log/nginx/access.log' (pos = 517427, hash = 976b64a98ee26011ee19efeb50e22d9124d4c926)
2023-01-02 19:23:30,729 fail2ban.jail           [282]: INFO    Jail 'nginx-http-auth' started
2023-01-02 19:23:30,758 fail2ban.jail           [282]: INFO    Jail 'nginx-botsearch' started
2023-01-02 19:23:30,848 fail2ban.jail           [282]: INFO    Jail 'nginx-badbots' started
2023-01-02 19:23:30,905 fail2ban.jail           [282]: INFO    Jail 'nginx-deny' started
2023-01-02 19:23:31,041 fail2ban.jail           [282]: INFO    Jail 'nginx-unauthorized' started
2023-01-02 19:23:57,059 fail2ban.filter         [282]: INFO    [nginx-unauthorized] Ignore 10.33.0.13 by ip
2023-01-02 19:23:59,878 fail2ban.filter         [282]: INFO    [nginx-unauthorized] Ignore 10.33.0.13 by ip
2023-01-02 19:23:59,882 fail2ban.filter         [282]: INFO    [nginx-unauthorized] Ignore 10.33.0.13 by ip
2023-01-02 19:23:59,885 fail2ban.filter         [282]: INFO    [nginx-unauthorized] Ignore 10.33.0.13 by ip
2023-01-02 19:26:34,274 fail2ban.filter         [282]: INFO    [nginx-unauthorized] Ignore 10.33.1.237 by ip
2023-01-03 09:05:41,320 fail2ban.server         [282]: INFO    Shutdown in progress...
2023-01-03 09:05:41,321 fail2ban.observer       [282]: INFO    Observer stop ... try to end queue 5 seconds
2023-01-03 09:05:41,349 fail2ban.observer       [282]: INFO    Observer stopped, 0 events remaining.
2023-01-03 09:05:41,390 fail2ban.server         [282]: INFO    Stopping all jails
2023-01-03 09:05:41,391 fail2ban.filter         [282]: INFO    Removed logfile: '/config/log/nginx/error.log'
2023-01-03 09:05:41,392 fail2ban.filter         [282]: INFO    Removed logfile: '/config/log/nginx/access.log'
2023-01-03 09:05:41,393 fail2ban.filter         [282]: INFO    Removed logfile: '/config/log/nginx/access.log'
2023-01-03 09:05:41,394 fail2ban.filter         [282]: INFO    Removed logfile: '/config/log/nginx/error.log'
2023-01-03 09:05:41,398 fail2ban.filter         [282]: INFO    Removed logfile: '/config/log/nginx/access.log'
2023-01-03 09:05:41,427 fail2ban                [282]: WARNING Caught signal 15. Exiting
2023-01-03 09:06:22,409 fail2ban.server         [281]: INFO    --------------------------------------------------
2023-01-03 09:06:22,410 fail2ban.server         [281]: INFO    Starting Fail2ban v0.11.2
2023-01-03 09:06:22,416 fail2ban.observer       [281]: INFO    Observer start...
2023-01-03 09:06:22,673 fail2ban.database       [281]: INFO    Connected to fail2ban persistent database '/config/fail2ban/fail2ban.sqlite3'
2023-01-03 09:06:22,677 fail2ban.jail           [281]: INFO    Creating new jail 'nginx-http-auth'
2023-01-03 09:06:22,741 fail2ban.jail           [281]: INFO    Jail 'nginx-http-auth' uses poller {}
2023-01-03 09:06:22,742 fail2ban.jail           [281]: INFO    Initiated 'polling' backend
2023-01-03 09:06:22,770 fail2ban.filter         [281]: INFO      maxRetry: 5
2023-01-03 09:06:22,772 fail2ban.filter         [281]: INFO      findtime: 600
2023-01-03 09:06:22,773 fail2ban.actions        [281]: INFO      banTime: 600
2023-01-03 09:06:22,774 fail2ban.filter         [281]: INFO      encoding: UTF-8
2023-01-03 09:06:22,775 fail2ban.filter         [281]: INFO    Added logfile: '/config/log/nginx/error.log' (pos = 38263, hash = 9f4e38a79703fd1efea215c9d96a104e1614206c)
2023-01-03 09:06:22,777 fail2ban.jail           [281]: INFO    Creating new jail 'nginx-botsearch'
2023-01-03 09:06:22,784 fail2ban.jail           [281]: INFO    Jail 'nginx-botsearch' uses poller {}
2023-01-03 09:06:22,785 fail2ban.jail           [281]: INFO    Initiated 'polling' backend
2023-01-03 09:06:22,810 fail2ban.datedetector   [281]: INFO      date pattern `'{^LN-BEG}%ExY(?P<_sep>[-/.])%m(?P=_sep)%d[T ]%H:%M:%S(?:[.,]%f)?(?:\\s*%z)?'`: `{^LN-BEG}ExYear(?P<_sep>[-/.])Month(?P=_sep)Day[T ]24hour:Minute:Second(?:[.,]Microseconds)?(?:\s*Zone offset)?`
2023-01-03 09:06:22,820 fail2ban.filter         [281]: INFO      maxRetry: 2
2023-01-03 09:06:22,821 fail2ban.filter         [281]: INFO      findtime: 600
2023-01-03 09:06:22,822 fail2ban.actions        [281]: INFO      banTime: 600
2023-01-03 09:06:22,823 fail2ban.filter         [281]: INFO      encoding: UTF-8
2023-01-03 09:06:22,824 fail2ban.filter         [281]: INFO    Added logfile: '/config/log/nginx/access.log' (pos = 605467, hash = 976b64a98ee26011ee19efeb50e22d9124d4c926)
2023-01-03 09:06:22,825 fail2ban.jail           [281]: INFO    Creating new jail 'nginx-badbots'
2023-01-03 09:06:22,831 fail2ban.jail           [281]: INFO    Jail 'nginx-badbots' uses poller {}
2023-01-03 09:06:22,832 fail2ban.jail           [281]: INFO    Initiated 'polling' backend
2023-01-03 09:06:22,885 fail2ban.filter         [281]: INFO      maxRetry: 2
2023-01-03 09:06:22,886 fail2ban.filter         [281]: INFO      findtime: 600
2023-01-03 09:06:22,887 fail2ban.actions        [281]: INFO      banTime: 600
2023-01-03 09:06:22,888 fail2ban.filter         [281]: INFO      encoding: UTF-8
2023-01-03 09:06:22,889 fail2ban.filter         [281]: INFO    Added logfile: '/config/log/nginx/access.log' (pos = 605467, hash = 976b64a98ee26011ee19efeb50e22d9124d4c926)
2023-01-03 09:06:22,891 fail2ban.jail           [281]: INFO    Creating new jail 'nginx-deny'
2023-01-03 09:06:22,896 fail2ban.jail           [281]: INFO    Jail 'nginx-deny' uses poller {}
2023-01-03 09:06:22,897 fail2ban.jail           [281]: INFO    Initiated 'polling' backend
2023-01-03 09:06:22,907 fail2ban.filter         [281]: INFO      maxRetry: 5
2023-01-03 09:06:22,908 fail2ban.filter         [281]: INFO      findtime: 600
2023-01-03 09:06:22,909 fail2ban.actions        [281]: INFO      banTime: 600
2023-01-03 09:06:22,910 fail2ban.filter         [281]: INFO      encoding: UTF-8
2023-01-03 09:06:22,911 fail2ban.filter         [281]: INFO    Added logfile: '/config/log/nginx/error.log' (pos = 38263, hash = 9f4e38a79703fd1efea215c9d96a104e1614206c)
2023-01-03 09:06:22,912 fail2ban.jail           [281]: INFO    Creating new jail 'nginx-unauthorized'
2023-01-03 09:06:22,917 fail2ban.jail           [281]: INFO    Jail 'nginx-unauthorized' uses poller {}
2023-01-03 09:06:22,918 fail2ban.jail           [281]: INFO    Initiated 'polling' backend
2023-01-03 09:06:22,925 fail2ban.filter         [281]: INFO      maxRetry: 5
2023-01-03 09:06:22,926 fail2ban.filter         [281]: INFO      findtime: 600
2023-01-03 09:06:22,928 fail2ban.actions        [281]: INFO      banTime: 600
2023-01-03 09:06:22,928 fail2ban.filter         [281]: INFO      encoding: UTF-8
2023-01-03 09:06:22,929 fail2ban.filter         [281]: INFO    Added logfile: '/config/log/nginx/access.log' (pos = 605467, hash = 976b64a98ee26011ee19efeb50e22d9124d4c926)
2023-01-03 09:06:22,935 fail2ban.jail           [281]: INFO    Jail 'nginx-http-auth' started
2023-01-03 09:06:22,940 fail2ban.jail           [281]: INFO    Jail 'nginx-botsearch' started
2023-01-03 09:06:22,949 fail2ban.jail           [281]: INFO    Jail 'nginx-badbots' started
2023-01-03 09:06:22,953 fail2ban.jail           [281]: INFO    Jail 'nginx-deny' started
2023-01-03 09:06:22,967 fail2ban.jail           [281]: INFO    Jail 'nginx-unauthorized' started
2023-01-03 09:09:00,865 fail2ban.server         [281]: INFO    Shutdown in progress...
2023-01-03 09:09:00,866 fail2ban.observer       [281]: INFO    Observer stop ... try to end queue 5 seconds
2023-01-03 09:09:00,887 fail2ban.observer       [281]: INFO    Observer stopped, 0 events remaining.
2023-01-03 09:09:00,929 fail2ban.server         [281]: INFO    Stopping all jails
2023-01-03 09:09:00,930 fail2ban.filter         [281]: INFO    Removed logfile: '/config/log/nginx/error.log'
2023-01-03 09:09:00,930 fail2ban.filter         [281]: INFO    Removed logfile: '/config/log/nginx/access.log'
2023-01-03 09:09:00,932 fail2ban.filter         [281]: INFO    Removed logfile: '/config/log/nginx/access.log'
2023-01-03 09:09:00,934 fail2ban.filter         [281]: INFO    Removed logfile: '/config/log/nginx/error.log'
2023-01-03 09:09:00,937 fail2ban.filter         [281]: INFO    Removed logfile: '/config/log/nginx/access.log'
2023-01-03 09:09:01,098 fail2ban                [281]: WARNING Caught signal 15. Exiting
2023-01-03 09:12:07,601 fail2ban.server         [284]: INFO    --------------------------------------------------
2023-01-03 09:12:07,602 fail2ban.server         [284]: INFO    Starting Fail2ban v0.11.2
2023-01-03 09:12:07,607 fail2ban.observer       [284]: INFO    Observer start...
2023-01-03 09:12:07,946 fail2ban.database       [284]: INFO    Connected to fail2ban persistent database '/config/fail2ban/fail2ban.sqlite3'
2023-01-03 09:12:07,950 fail2ban.jail           [284]: INFO    Creating new jail 'nginx-http-auth'
2023-01-03 09:12:08,011 fail2ban.jail           [284]: INFO    Jail 'nginx-http-auth' uses poller {}
2023-01-03 09:12:08,013 fail2ban.jail           [284]: INFO    Initiated 'polling' backend
2023-01-03 09:12:08,042 fail2ban.filter         [284]: INFO      maxRetry: 5
2023-01-03 09:12:08,043 fail2ban.filter         [284]: INFO      findtime: 600
2023-01-03 09:12:08,044 fail2ban.actions        [284]: INFO      banTime: 600
2023-01-03 09:12:08,045 fail2ban.filter         [284]: INFO      encoding: UTF-8
2023-01-03 09:12:08,047 fail2ban.filter         [284]: INFO    Added logfile: '/config/log/nginx/error.log' (pos = 44137, hash = 9f4e38a79703fd1efea215c9d96a104e1614206c)
2023-01-03 09:12:08,051 fail2ban.jail           [284]: INFO    Creating new jail 'nginx-botsearch'
2023-01-03 09:12:08,062 fail2ban.jail           [284]: INFO    Jail 'nginx-botsearch' uses poller {}
2023-01-03 09:12:08,062 fail2ban.jail           [284]: INFO    Initiated 'polling' backend
2023-01-03 09:12:08,086 fail2ban.datedetector   [284]: INFO      date pattern `'{^LN-BEG}%ExY(?P<_sep>[-/.])%m(?P=_sep)%d[T ]%H:%M:%S(?:[.,]%f)?(?:\\s*%z)?'`: `{^LN-BEG}ExYear(?P<_sep>[-/.])Month(?P=_sep)Day[T ]24hour:Minute:Second(?:[.,]Microseconds)?(?:\s*Zone offset)?`
2023-01-03 09:12:08,096 fail2ban.filter         [284]: INFO      maxRetry: 2
2023-01-03 09:12:08,097 fail2ban.filter         [284]: INFO      findtime: 600
2023-01-03 09:12:08,097 fail2ban.actions        [284]: INFO      banTime: 600
2023-01-03 09:12:08,099 fail2ban.filter         [284]: INFO      encoding: UTF-8
2023-01-03 09:12:08,100 fail2ban.filter         [284]: INFO    Added logfile: '/config/log/nginx/access.log' (pos = 649851, hash = 976b64a98ee26011ee19efeb50e22d9124d4c926)
2023-01-03 09:12:08,101 fail2ban.jail           [284]: INFO    Creating new jail 'nginx-badbots'
2023-01-03 09:12:08,106 fail2ban.jail           [284]: INFO    Jail 'nginx-badbots' uses poller {}
2023-01-03 09:12:08,107 fail2ban.jail           [284]: INFO    Initiated 'polling' backend
2023-01-03 09:12:08,156 fail2ban.filter         [284]: INFO      maxRetry: 2
2023-01-03 09:12:08,157 fail2ban.filter         [284]: INFO      findtime: 600
2023-01-03 09:12:08,158 fail2ban.actions        [284]: INFO      banTime: 600
2023-01-03 09:12:08,159 fail2ban.filter         [284]: INFO      encoding: UTF-8
2023-01-03 09:12:08,161 fail2ban.filter         [284]: INFO    Added logfile: '/config/log/nginx/access.log' (pos = 649851, hash = 976b64a98ee26011ee19efeb50e22d9124d4c926)
2023-01-03 09:12:08,163 fail2ban.jail           [284]: INFO    Creating new jail 'nginx-deny'
2023-01-03 09:12:08,168 fail2ban.jail           [284]: INFO    Jail 'nginx-deny' uses poller {}
2023-01-03 09:12:08,169 fail2ban.jail           [284]: INFO    Initiated 'polling' backend
2023-01-03 09:12:08,178 fail2ban.filter         [284]: INFO      maxRetry: 5
2023-01-03 09:12:08,180 fail2ban.filter         [284]: INFO      findtime: 600
2023-01-03 09:12:08,180 fail2ban.actions        [284]: INFO      banTime: 600
2023-01-03 09:12:08,181 fail2ban.filter         [284]: INFO      encoding: UTF-8
2023-01-03 09:12:08,182 fail2ban.filter         [284]: INFO    Added logfile: '/config/log/nginx/error.log' (pos = 44137, hash = 9f4e38a79703fd1efea215c9d96a104e1614206c)
2023-01-03 09:12:08,184 fail2ban.jail           [284]: INFO    Creating new jail 'nginx-unauthorized'
2023-01-03 09:12:08,189 fail2ban.jail           [284]: INFO    Jail 'nginx-unauthorized' uses poller {}
2023-01-03 09:12:08,190 fail2ban.jail           [284]: INFO    Initiated 'polling' backend
2023-01-03 09:12:08,199 fail2ban.filter         [284]: INFO      maxRetry: 5
2023-01-03 09:12:08,200 fail2ban.filter         [284]: INFO      findtime: 600
2023-01-03 09:12:08,200 fail2ban.actions        [284]: INFO      banTime: 600
2023-01-03 09:12:08,201 fail2ban.filter         [284]: INFO      encoding: UTF-8
2023-01-03 09:12:08,203 fail2ban.filter         [284]: INFO    Added logfile: '/config/log/nginx/access.log' (pos = 649851, hash = 976b64a98ee26011ee19efeb50e22d9124d4c926)
2023-01-03 09:12:08,212 fail2ban.jail           [284]: INFO    Jail 'nginx-http-auth' started
2023-01-03 09:12:08,266 fail2ban.jail           [284]: INFO    Jail 'nginx-botsearch' started
2023-01-03 09:12:08,367 fail2ban.jail           [284]: INFO    Jail 'nginx-badbots' started
2023-01-03 09:12:08,435 fail2ban.jail           [284]: INFO    Jail 'nginx-deny' started
2023-01-03 09:12:08,584 fail2ban.jail           [284]: INFO    Jail 'nginx-unauthorized' started
2023-01-03 09:42:51,256 fail2ban.server         [284]: INFO    Shutdown in progress...
2023-01-03 09:42:51,258 fail2ban.observer       [284]: INFO    Observer stop ... try to end queue 5 seconds
2023-01-03 09:42:51,285 fail2ban.observer       [284]: INFO    Observer stopped, 0 events remaining.
2023-01-03 09:42:51,323 fail2ban.server         [284]: INFO    Stopping all jails
2023-01-03 09:42:51,324 fail2ban.filter         [284]: INFO    Removed logfile: '/config/log/nginx/error.log'
2023-01-03 09:42:51,326 fail2ban.filter         [284]: INFO    Removed logfile: '/config/log/nginx/access.log'
2023-01-03 09:42:51,327 fail2ban.filter         [284]: INFO    Removed logfile: '/config/log/nginx/access.log'
2023-01-03 09:42:51,328 fail2ban.filter         [284]: INFO    Removed logfile: '/config/log/nginx/error.log'
2023-01-03 09:42:51,329 fail2ban.filter         [284]: INFO    Removed logfile: '/config/log/nginx/access.log'
2023-01-03 09:42:51,330 fail2ban.actions        [284]: NOTICE  [nginx-http-auth] Flush ticket(s) with iptables-allports
2023-01-03 09:42:51,373 fail2ban.actions        [284]: NOTICE  [nginx-botsearch] Flush ticket(s) with iptables-allports
2023-01-03 09:42:51,443 fail2ban.actions        [284]: NOTICE  [nginx-badbots] Flush ticket(s) with iptables-allports
2023-01-03 09:42:51,451 fail2ban                [284]: WARNING Caught signal 15. Exiting
2023-01-03 09:42:51,451 fail2ban                [284]: WARNING Caught signal 15. Exiting
2023-01-03 09:43:34,675 fail2ban.server         [286]: INFO    --------------------------------------------------
2023-01-03 09:43:34,676 fail2ban.server         [286]: INFO    Starting Fail2ban v0.11.2
2023-01-03 09:43:34,679 fail2ban.observer       [286]: INFO    Observer start...
2023-01-03 09:43:34,908 fail2ban.database       [286]: INFO    Connected to fail2ban persistent database '/config/fail2ban/fail2ban.sqlite3'
2023-01-03 09:43:34,912 fail2ban.jail           [286]: INFO    Creating new jail 'nginx-http-auth'
2023-01-03 09:43:34,988 fail2ban.jail           [286]: INFO    Jail 'nginx-http-auth' uses poller {}
2023-01-03 09:43:34,989 fail2ban.jail           [286]: INFO    Initiated 'polling' backend
2023-01-03 09:43:35,023 fail2ban.filter         [286]: INFO      maxRetry: 5
2023-01-03 09:43:35,025 fail2ban.filter         [286]: INFO      findtime: 600
2023-01-03 09:43:35,026 fail2ban.actions        [286]: INFO      banTime: 600
2023-01-03 09:43:35,027 fail2ban.filter         [286]: INFO      encoding: UTF-8
2023-01-03 09:43:35,028 fail2ban.filter         [286]: INFO    Added logfile: '/config/log/nginx/error.log' (pos = 48231, hash = 9f4e38a79703fd1efea215c9d96a104e1614206c)
2023-01-03 09:43:35,034 fail2ban.jail           [286]: INFO    Creating new jail 'nginx-botsearch'
2023-01-03 09:43:35,043 fail2ban.jail           [286]: INFO    Jail 'nginx-botsearch' uses poller {}
2023-01-03 09:43:35,044 fail2ban.jail           [286]: INFO    Initiated 'polling' backend
2023-01-03 09:43:35,076 fail2ban.datedetector   [286]: INFO      date pattern `'{^LN-BEG}%ExY(?P<_sep>[-/.])%m(?P=_sep)%d[T ]%H:%M:%S(?:[.,]%f)?(?:\\s*%z)?'`: `{^LN-BEG}ExYear(?P<_sep>[-/.])Month(?P=_sep)Day[T ]24hour:Minute:Second(?:[.,]Microseconds)?(?:\s*Zone offset)?`
2023-01-03 09:43:35,086 fail2ban.filter         [286]: INFO      maxRetry: 2
2023-01-03 09:43:35,087 fail2ban.filter         [286]: INFO      findtime: 600
2023-01-03 09:43:35,088 fail2ban.actions        [286]: INFO      banTime: 600
2023-01-03 09:43:35,089 fail2ban.filter         [286]: INFO      encoding: UTF-8
2023-01-03 09:43:35,091 fail2ban.filter         [286]: INFO    Added logfile: '/config/log/nginx/access.log' (pos = 897326, hash = 976b64a98ee26011ee19efeb50e22d9124d4c926)
2023-01-03 09:43:35,093 fail2ban.jail           [286]: INFO    Creating new jail 'nginx-badbots'
2023-01-03 09:43:35,099 fail2ban.jail           [286]: INFO    Jail 'nginx-badbots' uses poller {}
2023-01-03 09:43:35,101 fail2ban.jail           [286]: INFO    Initiated 'polling' backend
2023-01-03 09:43:35,216 fail2ban.filter         [286]: INFO      maxRetry: 2
2023-01-03 09:43:35,226 fail2ban.filter         [286]: INFO      findtime: 600
2023-01-03 09:43:35,227 fail2ban.actions        [286]: INFO      banTime: 600
2023-01-03 09:43:35,228 fail2ban.filter         [286]: INFO      encoding: UTF-8
2023-01-03 09:43:35,237 fail2ban.filter         [286]: INFO    Added logfile: '/config/log/nginx/access.log' (pos = 897326, hash = 976b64a98ee26011ee19efeb50e22d9124d4c926)
2023-01-03 09:43:35,238 fail2ban.jail           [286]: INFO    Creating new jail 'nginx-deny'
2023-01-03 09:43:35,244 fail2ban.jail           [286]: INFO    Jail 'nginx-deny' uses poller {}
2023-01-03 09:43:35,244 fail2ban.jail           [286]: INFO    Initiated 'polling' backend
2023-01-03 09:43:35,273 fail2ban.filter         [286]: INFO      maxRetry: 5
2023-01-03 09:43:35,274 fail2ban.filter         [286]: INFO      findtime: 600
2023-01-03 09:43:35,274 fail2ban.actions        [286]: INFO      banTime: 600
2023-01-03 09:43:35,276 fail2ban.filter         [286]: INFO      encoding: UTF-8
2023-01-03 09:43:35,277 fail2ban.filter         [286]: INFO    Added logfile: '/config/log/nginx/error.log' (pos = 48231, hash = 9f4e38a79703fd1efea215c9d96a104e1614206c)
2023-01-03 09:43:35,292 fail2ban.jail           [286]: INFO    Creating new jail 'nginx-unauthorized'
2023-01-03 09:43:35,301 fail2ban.jail           [286]: INFO    Jail 'nginx-unauthorized' uses poller {}
2023-01-03 09:43:35,302 fail2ban.jail           [286]: INFO    Initiated 'polling' backend
2023-01-03 09:43:35,310 fail2ban.filter         [286]: INFO      maxRetry: 5
2023-01-03 09:43:35,311 fail2ban.filter         [286]: INFO      findtime: 600
2023-01-03 09:43:35,312 fail2ban.actions        [286]: INFO      banTime: 600
2023-01-03 09:43:35,314 fail2ban.filter         [286]: INFO      encoding: UTF-8
2023-01-03 09:43:35,315 fail2ban.filter         [286]: INFO    Added logfile: '/config/log/nginx/access.log' (pos = 897326, hash = 976b64a98ee26011ee19efeb50e22d9124d4c926)
2023-01-03 09:43:35,356 fail2ban.jail           [286]: INFO    Jail 'nginx-http-auth' started
2023-01-03 09:43:35,387 fail2ban.jail           [286]: INFO    Jail 'nginx-botsearch' started
2023-01-03 09:43:35,524 fail2ban.jail           [286]: INFO    Jail 'nginx-badbots' started
2023-01-03 09:43:35,618 fail2ban.jail           [286]: INFO    Jail 'nginx-deny' started
2023-01-03 09:43:35,748 fail2ban.jail           [286]: INFO    Jail 'nginx-unauthorized' started
2023-01-03 09:52:02,586 fail2ban.server         [286]: INFO    Shutdown in progress...
2023-01-03 09:52:02,587 fail2ban.observer       [286]: INFO    Observer stop ... try to end queue 5 seconds
2023-01-03 09:52:02,621 fail2ban.observer       [286]: INFO    Observer stopped, 0 events remaining.
2023-01-03 09:52:02,652 fail2ban.server         [286]: INFO    Stopping all jails
2023-01-03 09:52:02,665 fail2ban.filter         [286]: INFO    Removed logfile: '/config/log/nginx/error.log'
2023-01-03 09:52:02,666 fail2ban.filter         [286]: INFO    Removed logfile: '/config/log/nginx/access.log'
2023-01-03 09:52:02,668 fail2ban.filter         [286]: INFO    Removed logfile: '/config/log/nginx/access.log'
2023-01-03 09:52:02,669 fail2ban.filter         [286]: INFO    Removed logfile: '/config/log/nginx/error.log'
2023-01-03 09:52:02,680 fail2ban.filter         [286]: INFO    Removed logfile: '/config/log/nginx/access.log'
2023-01-03 09:52:02,722 fail2ban.actions        [286]: NOTICE  [nginx-botsearch] Flush ticket(s) with iptables-allports
2023-01-03 09:52:02,733 fail2ban.actions        [286]: NOTICE  [nginx-http-auth] Flush ticket(s) with iptables-allports
2023-01-03 09:52:02,894 fail2ban.actions        [286]: NOTICE  [nginx-badbots] Flush ticket(s) with iptables-allports
2023-01-03 09:52:02,899 fail2ban                [286]: WARNING Caught signal 15. Exiting
2023-01-03 09:52:34,255 fail2ban.server         [285]: INFO    --------------------------------------------------
2023-01-03 09:52:34,257 fail2ban.server         [285]: INFO    Starting Fail2ban v0.11.2
2023-01-03 09:52:34,264 fail2ban.observer       [285]: INFO    Observer start...
2023-01-03 09:52:34,768 fail2ban.database       [285]: INFO    Connected to fail2ban persistent database '/config/fail2ban/fail2ban.sqlite3'
2023-01-03 09:52:34,772 fail2ban.jail           [285]: INFO    Creating new jail 'nginx-http-auth'
2023-01-03 09:52:34,861 fail2ban.jail           [285]: INFO    Jail 'nginx-http-auth' uses poller {}
2023-01-03 09:52:34,863 fail2ban.jail           [285]: INFO    Initiated 'polling' backend
2023-01-03 09:52:34,926 fail2ban.filter         [285]: INFO      maxRetry: 5
2023-01-03 09:52:34,929 fail2ban.filter         [285]: INFO      findtime: 600
2023-01-03 09:52:34,930 fail2ban.actions        [285]: INFO      banTime: 600
2023-01-03 09:52:34,931 fail2ban.filter         [285]: INFO      encoding: UTF-8
2023-01-03 09:52:34,933 fail2ban.filter         [285]: INFO    Added logfile: '/config/log/nginx/error.log' (pos = 60563, hash = 9f4e38a79703fd1efea215c9d96a104e1614206c)
2023-01-03 09:52:34,934 fail2ban.jail           [285]: INFO    Creating new jail 'nginx-botsearch'
2023-01-03 09:52:34,942 fail2ban.jail           [285]: INFO    Jail 'nginx-botsearch' uses poller {}
2023-01-03 09:52:34,943 fail2ban.jail           [285]: INFO    Initiated 'polling' backend
2023-01-03 09:52:34,971 fail2ban.datedetector   [285]: INFO      date pattern `'{^LN-BEG}%ExY(?P<_sep>[-/.])%m(?P=_sep)%d[T ]%H:%M:%S(?:[.,]%f)?(?:\\s*%z)?'`: `{^LN-BEG}ExYear(?P<_sep>[-/.])Month(?P=_sep)Day[T ]24hour:Minute:Second(?:[.,]Microseconds)?(?:\s*Zone offset)?`
2023-01-03 09:52:34,981 fail2ban.filter         [285]: INFO      maxRetry: 2
2023-01-03 09:52:34,982 fail2ban.filter         [285]: INFO      findtime: 600
2023-01-03 09:52:34,983 fail2ban.actions        [285]: INFO      banTime: 600
2023-01-03 09:52:34,984 fail2ban.filter         [285]: INFO      encoding: UTF-8
2023-01-03 09:52:34,985 fail2ban.filter         [285]: INFO    Added logfile: '/config/log/nginx/access.log' (pos = 967584, hash = 976b64a98ee26011ee19efeb50e22d9124d4c926)
2023-01-03 09:52:34,987 fail2ban.jail           [285]: INFO    Creating new jail 'nginx-badbots'
2023-01-03 09:52:34,992 fail2ban.jail           [285]: INFO    Jail 'nginx-badbots' uses poller {}
2023-01-03 09:52:34,994 fail2ban.jail           [285]: INFO    Initiated 'polling' backend
2023-01-03 09:52:35,047 fail2ban.filter         [285]: INFO      maxRetry: 2
2023-01-03 09:52:35,048 fail2ban.filter         [285]: INFO      findtime: 600
2023-01-03 09:52:35,049 fail2ban.actions        [285]: INFO      banTime: 600
2023-01-03 09:52:35,050 fail2ban.filter         [285]: INFO      encoding: UTF-8
2023-01-03 09:52:35,051 fail2ban.filter         [285]: INFO    Added logfile: '/config/log/nginx/access.log' (pos = 967584, hash = 976b64a98ee26011ee19efeb50e22d9124d4c926)
2023-01-03 09:52:35,052 fail2ban.jail           [285]: INFO    Creating new jail 'nginx-deny'
2023-01-03 09:52:35,058 fail2ban.jail           [285]: INFO    Jail 'nginx-deny' uses poller {}
2023-01-03 09:52:35,059 fail2ban.jail           [285]: INFO    Initiated 'polling' backend
2023-01-03 09:52:35,069 fail2ban.filter         [285]: INFO      maxRetry: 5
2023-01-03 09:52:35,070 fail2ban.filter         [285]: INFO      findtime: 600
2023-01-03 09:52:35,071 fail2ban.actions        [285]: INFO      banTime: 600
2023-01-03 09:52:35,072 fail2ban.filter         [285]: INFO      encoding: UTF-8
2023-01-03 09:52:35,073 fail2ban.filter         [285]: INFO    Added logfile: '/config/log/nginx/error.log' (pos = 60563, hash = 9f4e38a79703fd1efea215c9d96a104e1614206c)
2023-01-03 09:52:35,074 fail2ban.jail           [285]: INFO    Creating new jail 'nginx-unauthorized'
2023-01-03 09:52:35,080 fail2ban.jail           [285]: INFO    Jail 'nginx-unauthorized' uses poller {}
2023-01-03 09:52:35,081 fail2ban.jail           [285]: INFO    Initiated 'polling' backend
2023-01-03 09:52:35,090 fail2ban.filter         [285]: INFO      maxRetry: 5
2023-01-03 09:52:35,091 fail2ban.filter         [285]: INFO      findtime: 600
2023-01-03 09:52:35,091 fail2ban.actions        [285]: INFO      banTime: 600
2023-01-03 09:52:35,092 fail2ban.filter         [285]: INFO      encoding: UTF-8
2023-01-03 09:52:35,093 fail2ban.filter         [285]: INFO    Added logfile: '/config/log/nginx/access.log' (pos = 967584, hash = 976b64a98ee26011ee19efeb50e22d9124d4c926)
2023-01-03 09:52:35,130 fail2ban.jail           [285]: INFO    Jail 'nginx-http-auth' started
2023-01-03 09:52:35,169 fail2ban.jail           [285]: INFO    Jail 'nginx-botsearch' started
2023-01-03 09:52:35,249 fail2ban.jail           [285]: INFO    Jail 'nginx-badbots' started
2023-01-03 09:52:35,258 fail2ban.jail           [285]: INFO    Jail 'nginx-deny' started
2023-01-03 09:52:35,290 fail2ban.jail           [285]: INFO    Jail 'nginx-unauthorized' started
